<?xml version="1.0" encoding="UTF-8"?>
<!-- Generated by org.testng.reporters.JUnitReportReporter -->
<testsuite hostname="DESKTOP-5RPFGT9" failures="0" tests="2" name="mavenScript.FirstScript" time="132.544" errors="0" timestamp="16 Apr 2022 03:25:34 GMT" skipped="0">
  <testcase classname="mavenScript.FirstScript" name="ReadData" time="0.066"/>
  <testcase classname="mavenScript.FirstScript" name="demo" time="132.478"/>
</testsuite> <!-- mavenScript.FirstScript -->
